[21:57:32] I found a new version on the web! You're running 1.4.10 and you should update to 1.12.31
[22:12:48] Missing feature file: 05Sept2019-Lumos-DIA-Jax-Hippocampus-chrlib-4mz-ovlp-400to500-Lib-B18.dia.features.txt
[22:12:48] Missing feature file: 05Sept2019-Lumos-DIA-Jax-Hippocampus-chrlib-4mz-ovlp-400to500-Lib-B19.dia.features.txt
[22:12:48] Missing feature file: 05Sept2019-Lumos-DIA-Jax-Hippocampus-chrlib-4mz-ovlp-400to500-Lib-B20.dia.features.txt
[22:12:48] Missing feature file: 05Sept2019-Lumos-DIA-Jax-Hippocampus-chrlib-4mz-ovlp-400to500-Lib-B21.dia.features.txt
[22:12:48] Missing feature file: 05Sept2019-Lumos-DIA-Jax-Hippocampus-chrlib-4mz-ovlp-500to600-Lib-B18.dia.features.txt
[22:12:48] Missing feature file: 05Sept2019-Lumos-DIA-Jax-Hippocampus-chrlib-4mz-ovlp-500to600-Lib-B19.dia.features.txt
[22:12:48] Missing feature file: 05Sept2019-Lumos-DIA-Jax-Hippocampus-chrlib-4mz-ovlp-500to600-Lib-B20.dia.features.txt
[22:12:48] Missing feature file: 05Sept2019-Lumos-DIA-Jax-Hippocampus-chrlib-4mz-ovlp-500to600-Lib-B21.dia.features.txt
[22:12:48] Missing feature file: 05Sept2019-Lumos-DIA-Jax-Hippocampus-chrlib-4mz-ovlp-600to700-Lib-B18.dia.features.txt
[22:12:48] Missing feature file: 05Sept2019-Lumos-DIA-Jax-Hippocampus-chrlib-4mz-ovlp-600to700-Lib-B19.dia.features.txt
[22:12:48] Missing feature file: 05Sept2019-Lumos-DIA-Jax-Hippocampus-chrlib-4mz-ovlp-600to700-Lib-B20.dia.features.txt
[22:12:48] Missing feature file: 05Sept2019-Lumos-DIA-Jax-Hippocampus-chrlib-4mz-ovlp-600to700-Lib-B21.dia.features.txt
[22:12:48] Missing feature file: 05Sept2019-Lumos-DIA-Jax-Hippocampus-chrlib-4mz-ovlp-700to800-Lib-B18.dia.features.txt
[22:12:48] Missing feature file: 05Sept2019-Lumos-DIA-Jax-Hippocampus-chrlib-4mz-ovlp-700to800-Lib-B19.dia.features.txt
[22:12:48] Missing feature file: 05Sept2019-Lumos-DIA-Jax-Hippocampus-chrlib-4mz-ovlp-700to800-Lib-B20.dia.features.txt
[22:12:48] Missing feature file: 05Sept2019-Lumos-DIA-Jax-Hippocampus-chrlib-4mz-ovlp-700to800-Lib-B21.dia.features.txt
[22:12:48] Missing feature file: 05Sept2019-Lumos-DIA-Jax-Hippocampus-chrlib-4mz-ovlp-800to900-Lib-B18.dia.features.txt
[22:12:48] Missing feature file: 05Sept2019-Lumos-DIA-Jax-Hippocampus-chrlib-4mz-ovlp-800to900-Lib-B19.dia.features.txt
[22:12:48] Missing feature file: 05Sept2019-Lumos-DIA-Jax-Hippocampus-chrlib-4mz-ovlp-800to900-Lib-B20.dia.features.txt
[22:12:48] Missing feature file: 05Sept2019-Lumos-DIA-Jax-Hippocampus-chrlib-4mz-ovlp-800to900-Lib-B21.dia.features.txt
[22:12:48] Missing feature file: 05Sept2019-Lumos-DIA-Jax-Hippocampus-chrlib-4mz-ovlp-900to1000-Lib-B18.dia.features.txt
[22:12:48] Missing feature file: 05Sept2019-Lumos-DIA-Jax-Hippocampus-chrlib-4mz-ovlp-900to1000-Lib-B19.dia.features.txt
[22:12:48] Missing feature file: 05Sept2019-Lumos-DIA-Jax-Hippocampus-chrlib-4mz-ovlp-900to1000-Lib-B20.dia.features.txt
[22:12:48] Missing feature file: 05Sept2019-Lumos-DIA-Jax-Hippocampus-chrlib-4mz-ovlp-900to1000-Lib-B21.dia.features.txt
[22:12:48] Missing feature file: 06Aug2019-Lumos-DIA-Jax-Hippocampus-chrlib-4mz-ovlp-400to500-Lib-B14.dia.features.txt
[22:12:48] Missing feature file: 06Aug2019-Lumos-DIA-Jax-Hippocampus-chrlib-4mz-ovlp-400to500-Lib-B15.dia.features.txt
[22:12:48] Missing feature file: 06Aug2019-Lumos-DIA-Jax-Hippocampus-chrlib-4mz-ovlp-400to500-Lib-B16.dia.features.txt
[22:12:49] Missing feature file: 06Aug2019-Lumos-DIA-Jax-Hippocampus-chrlib-4mz-ovlp-400to500-Lib-B17.dia.features.txt
[22:12:49] Missing feature file: 06Aug2019-Lumos-DIA-Jax-Hippocampus-chrlib-4mz-ovlp-500to600-Lib-B14.dia.features.txt
[22:12:49] Missing feature file: 06Aug2019-Lumos-DIA-Jax-Hippocampus-chrlib-4mz-ovlp-500to600-Lib-B15.dia.features.txt
[22:12:49] Missing feature file: 06Aug2019-Lumos-DIA-Jax-Hippocampus-chrlib-4mz-ovlp-500to600-Lib-B16.dia.features.txt
[22:12:49] Missing feature file: 06Aug2019-Lumos-DIA-Jax-Hippocampus-chrlib-4mz-ovlp-500to600-Lib-B17.dia.features.txt
[22:12:49] Missing feature file: 06Aug2019-Lumos-DIA-Jax-Hippocampus-chrlib-4mz-ovlp-600to700-Lib-B14.dia.features.txt
[22:12:49] Missing feature file: 06Aug2019-Lumos-DIA-Jax-Hippocampus-chrlib-4mz-ovlp-600to700-Lib-B15.dia.features.txt
[22:12:49] Missing feature file: 06Aug2019-Lumos-DIA-Jax-Hippocampus-chrlib-4mz-ovlp-600to700-Lib-B16.dia.features.txt
[22:12:49] Missing feature file: 06Aug2019-Lumos-DIA-Jax-Hippocampus-chrlib-4mz-ovlp-600to700-Lib-B17.dia.features.txt
[22:12:49] Missing feature file: 06Aug2019-Lumos-DIA-Jax-Hippocampus-chrlib-4mz-ovlp-700to800-Lib-B14.dia.features.txt
[22:12:49] Missing feature file: 06Aug2019-Lumos-DIA-Jax-Hippocampus-chrlib-4mz-ovlp-700to800-Lib-B15.dia.features.txt
[22:12:49] Missing feature file: 06Aug2019-Lumos-DIA-Jax-Hippocampus-chrlib-4mz-ovlp-700to800-Lib-B16.dia.features.txt
[22:12:49] Missing feature file: 06Aug2019-Lumos-DIA-Jax-Hippocampus-chrlib-4mz-ovlp-700to800-Lib-B17.dia.features.txt
[22:12:49] Missing feature file: 06Aug2019-Lumos-DIA-Jax-Hippocampus-chrlib-4mz-ovlp-800to900-Lib-B14.dia.features.txt
[22:12:49] Missing feature file: 06Aug2019-Lumos-DIA-Jax-Hippocampus-chrlib-4mz-ovlp-800to900-Lib-B15.dia.features.txt
[22:12:49] Missing feature file: 06Aug2019-Lumos-DIA-Jax-Hippocampus-chrlib-4mz-ovlp-800to900-Lib-B16.dia.features.txt
[22:12:49] Missing feature file: 06Aug2019-Lumos-DIA-Jax-Hippocampus-chrlib-4mz-ovlp-800to900-Lib-B17.dia.features.txt
[22:12:49] Missing feature file: 06Aug2019-Lumos-DIA-Jax-Hippocampus-chrlib-4mz-ovlp-900to1000-Lib-B14.dia.features.txt
[22:12:49] Missing feature file: 06Aug2019-Lumos-DIA-Jax-Hippocampus-chrlib-4mz-ovlp-900to1000-Lib-B15.dia.features.txt
[22:12:49] Missing feature file: 06Aug2019-Lumos-DIA-Jax-Hippocampus-chrlib-4mz-ovlp-900to1000-Lib-B16.dia.features.txt
[22:12:49] Missing feature file: 06Aug2019-Lumos-DIA-Jax-Hippocampus-chrlib-4mz-ovlp-900to1000-Lib-B17.dia.features.txt
[22:12:49] Missing feature file: 06May2020-Lumos-DIA-Jax-Hipp-chrlib-4mz-ovlp-400to500-Lib-B07.dia.features.txt
[22:12:49] Missing feature file: 06May2020-Lumos-DIA-Jax-Hipp-chrlib-4mz-ovlp-400to500-Lib-B08.dia.features.txt
[22:12:49] Missing feature file: 06May2020-Lumos-DIA-Jax-Hipp-chrlib-4mz-ovlp-500to600-Lib-B07.dia.features.txt
[22:12:49] Missing feature file: 06May2020-Lumos-DIA-Jax-Hipp-chrlib-4mz-ovlp-500to600-Lib-B08.dia.features.txt
[22:12:49] Missing feature file: 06May2020-Lumos-DIA-Jax-Hipp-chrlib-4mz-ovlp-600to700-Lib-B07.dia.features.txt
[22:12:49] Missing feature file: 06May2020-Lumos-DIA-Jax-Hipp-chrlib-4mz-ovlp-600to700-Lib-B08.dia.features.txt
[22:12:49] Missing feature file: 06May2020-Lumos-DIA-Jax-Hipp-chrlib-4mz-ovlp-700to800-Lib-B07.dia.features.txt
[22:12:49] Missing feature file: 06May2020-Lumos-DIA-Jax-Hipp-chrlib-4mz-ovlp-700to800-Lib-B08.dia.features.txt
[22:12:49] Missing feature file: 06May2020-Lumos-DIA-Jax-Hipp-chrlib-4mz-ovlp-800to900-Lib-B07.dia.features.txt
[22:12:49] Missing feature file: 06May2020-Lumos-DIA-Jax-Hipp-chrlib-4mz-ovlp-800to900-Lib-B08.dia.features.txt
[22:12:49] Missing feature file: 06May2020-Lumos-DIA-Jax-Hipp-chrlib-4mz-ovlp-900to1000-Lib-B07.dia.features.txt
[22:12:49] Missing feature file: 06May2020-Lumos-DIA-Jax-Hipp-chrlib-4mz-ovlp-900to1000-Lib-B08.dia.features.txt
[22:12:49] Missing feature file: 07May2019-Lumos-DIA-Jax-Hippocampus-chrlib-4mz-ovlp-400to500-Lib-B1.dia.features.txt
[22:12:49] Missing feature file: 07May2019-Lumos-DIA-Jax-Hippocampus-chrlib-4mz-ovlp-400to500-Lib-B2.dia.features.txt
[22:12:49] Missing feature file: 07May2019-Lumos-DIA-Jax-Hippocampus-chrlib-4mz-ovlp-400to500-Lib-B3.dia.features.txt
[22:12:49] Missing feature file: 07May2019-Lumos-DIA-Jax-Hippocampus-chrlib-4mz-ovlp-400to500-Lib-B4.dia.features.txt
[22:12:49] Missing feature file: 07May2019-Lumos-DIA-Jax-Hippocampus-chrlib-4mz-ovlp-500to600-Lib-B1.dia.features.txt
[22:12:49] Missing feature file: 07May2019-Lumos-DIA-Jax-Hippocampus-chrlib-4mz-ovlp-500to600-Lib-B2.dia.features.txt
[22:12:49] Missing feature file: 07May2019-Lumos-DIA-Jax-Hippocampus-chrlib-4mz-ovlp-500to600-Lib-B3.dia.features.txt
[22:12:49] Missing feature file: 07May2019-Lumos-DIA-Jax-Hippocampus-chrlib-4mz-ovlp-500to600-Lib-B4.dia.features.txt
[22:12:49] Missing feature file: 07May2019-Lumos-DIA-Jax-Hippocampus-chrlib-4mz-ovlp-600to700-Lib-B1.dia.features.txt
[22:12:49] Missing feature file: 07May2019-Lumos-DIA-Jax-Hippocampus-chrlib-4mz-ovlp-600to700-Lib-B2.dia.features.txt
[22:12:49] Missing feature file: 07May2019-Lumos-DIA-Jax-Hippocampus-chrlib-4mz-ovlp-600to700-Lib-B3.dia.features.txt
[22:12:49] Missing feature file: 07May2019-Lumos-DIA-Jax-Hippocampus-chrlib-4mz-ovlp-600to700-Lib-B4.dia.features.txt
[22:12:49] Missing feature file: 07May2019-Lumos-DIA-Jax-Hippocampus-chrlib-4mz-ovlp-700to800-Lib-B1.dia.features.txt
[22:12:49] Missing feature file: 07May2019-Lumos-DIA-Jax-Hippocampus-chrlib-4mz-ovlp-700to800-Lib-B2.dia.features.txt
[22:12:49] Missing feature file: 07May2019-Lumos-DIA-Jax-Hippocampus-chrlib-4mz-ovlp-700to800-Lib-B3.dia.features.txt
[22:12:49] Missing feature file: 07May2019-Lumos-DIA-Jax-Hippocampus-chrlib-4mz-ovlp-700to800-Lib-B4.dia.features.txt
[22:12:49] Missing feature file: 07May2019-Lumos-DIA-Jax-Hippocampus-chrlib-4mz-ovlp-800to900-Lib-B1.dia.features.txt
[22:12:49] Missing feature file: 07May2019-Lumos-DIA-Jax-Hippocampus-chrlib-4mz-ovlp-800to900-Lib-B2.dia.features.txt
[22:12:49] Missing feature file: 07May2019-Lumos-DIA-Jax-Hippocampus-chrlib-4mz-ovlp-800to900-Lib-B3.dia.features.txt
[22:12:49] Missing feature file: 07May2019-Lumos-DIA-Jax-Hippocampus-chrlib-4mz-ovlp-800to900-Lib-B4.dia.features.txt
[22:12:49] Missing feature file: 07May2019-Lumos-DIA-Jax-Hippocampus-chrlib-4mz-ovlp-900to1000-Lib-B1.dia.features.txt
[22:12:49] Missing feature file: 07May2019-Lumos-DIA-Jax-Hippocampus-chrlib-4mz-ovlp-900to1000-Lib-B2.dia.features.txt
[22:12:49] Missing feature file: 07May2019-Lumos-DIA-Jax-Hippocampus-chrlib-4mz-ovlp-900to1000-Lib-B3.dia.features.txt
[22:12:49] Missing feature file: 07May2019-Lumos-DIA-Jax-Hippocampus-chrlib-4mz-ovlp-900to1000-Lib-B4.dia.features.txt
[22:12:49] Missing feature file: 10July2019-Lumos-DIA-Jax-Hippocampus-chrlib-4mz-ovlp-400to500-Lib-B10.dia.features.txt
[22:12:49] Missing feature file: 10July2019-Lumos-DIA-Jax-Hippocampus-chrlib-4mz-ovlp-400to500-Lib-B11.dia.features.txt
[22:12:50] Missing feature file: 10July2019-Lumos-DIA-Jax-Hippocampus-chrlib-4mz-ovlp-400to500-Lib-B12.dia.features.txt
[22:12:50] Missing feature file: 10July2019-Lumos-DIA-Jax-Hippocampus-chrlib-4mz-ovlp-400to500-Lib-B9.dia.features.txt
[22:12:50] Missing feature file: 10July2019-Lumos-DIA-Jax-Hippocampus-chrlib-4mz-ovlp-500to600-Lib-B10.dia.features.txt
[22:12:50] Missing feature file: 10July2019-Lumos-DIA-Jax-Hippocampus-chrlib-4mz-ovlp-500to600-Lib-B11.dia.features.txt
[22:12:50] Missing feature file: 10July2019-Lumos-DIA-Jax-Hippocampus-chrlib-4mz-ovlp-500to600-Lib-B12.dia.features.txt
[22:12:50] Missing feature file: 10July2019-Lumos-DIA-Jax-Hippocampus-chrlib-4mz-ovlp-500to600-Lib-B9.dia.features.txt
[22:12:50] Missing feature file: 10July2019-Lumos-DIA-Jax-Hippocampus-chrlib-4mz-ovlp-600to700-Lib-B10.dia.features.txt
[22:12:50] Missing feature file: 10July2019-Lumos-DIA-Jax-Hippocampus-chrlib-4mz-ovlp-600to700-Lib-B11.dia.features.txt
[22:12:50] Missing feature file: 10July2019-Lumos-DIA-Jax-Hippocampus-chrlib-4mz-ovlp-600to700-Lib-B12.dia.features.txt
[22:12:50] Missing feature file: 10July2019-Lumos-DIA-Jax-Hippocampus-chrlib-4mz-ovlp-600to700-Lib-B9.dia.features.txt
[22:12:50] Missing feature file: 10July2019-Lumos-DIA-Jax-Hippocampus-chrlib-4mz-ovlp-700to800-Lib-B10.dia.features.txt
[22:12:50] Missing feature file: 10July2019-Lumos-DIA-Jax-Hippocampus-chrlib-4mz-ovlp-700to800-Lib-B11.dia.features.txt
[22:12:50] Missing feature file: 10July2019-Lumos-DIA-Jax-Hippocampus-chrlib-4mz-ovlp-700to800-Lib-B12.dia.features.txt
[22:12:50] Missing feature file: 10July2019-Lumos-DIA-Jax-Hippocampus-chrlib-4mz-ovlp-700to800-Lib-B9.dia.features.txt
[22:12:50] Missing feature file: 10July2019-Lumos-DIA-Jax-Hippocampus-chrlib-4mz-ovlp-800to900-Lib-B10.dia.features.txt
[22:12:50] Missing feature file: 10July2019-Lumos-DIA-Jax-Hippocampus-chrlib-4mz-ovlp-800to900-Lib-B11.dia.features.txt
[22:12:50] Missing feature file: 10July2019-Lumos-DIA-Jax-Hippocampus-chrlib-4mz-ovlp-800to900-Lib-B12.dia.features.txt
[22:12:50] Missing feature file: 10July2019-Lumos-DIA-Jax-Hippocampus-chrlib-4mz-ovlp-800to900-Lib-B9.dia.features.txt
[22:12:50] Missing feature file: 10July2019-Lumos-DIA-Jax-Hippocampus-chrlib-4mz-ovlp-900to1000-Lib-B10.dia.features.txt
[22:12:50] Missing feature file: 10July2019-Lumos-DIA-Jax-Hippocampus-chrlib-4mz-ovlp-900to1000-Lib-B11.dia.features.txt
[22:12:50] Missing feature file: 10July2019-Lumos-DIA-Jax-Hippocampus-chrlib-4mz-ovlp-900to1000-Lib-B12.dia.features.txt
[22:12:50] Missing feature file: 10July2019-Lumos-DIA-Jax-Hippocampus-chrlib-4mz-ovlp-900to1000-Lib-B9.dia.features.txt
[22:12:50] Missing feature file: 15Dec2021-Lumos-CSF-Jax-HC2-DIA-chrlib-4mz-ovlp-400to500-Lib-B01.dia.features.txt
[22:12:50] Missing feature file: 15Dec2021-Lumos-CSF-Jax-HC2-DIA-chrlib-4mz-ovlp-400to500-Lib-B02.dia.features.txt
[22:12:50] Missing feature file: 15Dec2021-Lumos-CSF-Jax-HC2-DIA-chrlib-4mz-ovlp-400to500-Lib-B03.dia.features.txt
[22:12:50] Missing feature file: 15Dec2021-Lumos-CSF-Jax-HC2-DIA-chrlib-4mz-ovlp-400to500-Lib-B04.dia.features.txt
[22:12:50] Missing feature file: 15Dec2021-Lumos-CSF-Jax-HC2-DIA-chrlib-4mz-ovlp-500to600-Lib-B01.dia.features.txt
[22:12:50] Missing feature file: 15Dec2021-Lumos-CSF-Jax-HC2-DIA-chrlib-4mz-ovlp-500to600-Lib-B02.dia.features.txt
[22:12:50] Missing feature file: 15Dec2021-Lumos-CSF-Jax-HC2-DIA-chrlib-4mz-ovlp-500to600-Lib-B03.dia.features.txt
[22:12:50] Missing feature file: 15Dec2021-Lumos-CSF-Jax-HC2-DIA-chrlib-4mz-ovlp-500to600-Lib-B04.dia.features.txt
[22:12:50] Missing feature file: 15Dec2021-Lumos-CSF-Jax-HC2-DIA-chrlib-4mz-ovlp-600to700-Lib-B01.dia.features.txt
[22:12:50] Missing feature file: 15Dec2021-Lumos-CSF-Jax-HC2-DIA-chrlib-4mz-ovlp-600to700-Lib-B02.dia.features.txt
[22:12:50] Missing feature file: 15Dec2021-Lumos-CSF-Jax-HC2-DIA-chrlib-4mz-ovlp-600to700-Lib-B03.dia.features.txt
[22:12:50] Missing feature file: 15Dec2021-Lumos-CSF-Jax-HC2-DIA-chrlib-4mz-ovlp-600to700-Lib-B04.dia.features.txt
[22:12:50] Missing feature file: 15Dec2021-Lumos-CSF-Jax-HC2-DIA-chrlib-4mz-ovlp-700to800-Lib-B01.dia.features.txt
[22:12:50] Missing feature file: 15Dec2021-Lumos-CSF-Jax-HC2-DIA-chrlib-4mz-ovlp-700to800-Lib-B02.dia.features.txt
[22:12:50] Missing feature file: 15Dec2021-Lumos-CSF-Jax-HC2-DIA-chrlib-4mz-ovlp-700to800-Lib-B03.dia.features.txt
[22:12:50] Missing feature file: 15Dec2021-Lumos-CSF-Jax-HC2-DIA-chrlib-4mz-ovlp-700to800-Lib-B04.dia.features.txt
[22:12:50] Missing feature file: 15Dec2021-Lumos-CSF-Jax-HC2-DIA-chrlib-4mz-ovlp-800to900-Lib-B01.dia.features.txt
[22:12:50] Missing feature file: 15Dec2021-Lumos-CSF-Jax-HC2-DIA-chrlib-4mz-ovlp-800to900-Lib-B02.dia.features.txt
[22:12:50] Missing feature file: 15Dec2021-Lumos-CSF-Jax-HC2-DIA-chrlib-4mz-ovlp-800to900-Lib-B03.dia.features.txt
[22:12:50] Missing feature file: 15Dec2021-Lumos-CSF-Jax-HC2-DIA-chrlib-4mz-ovlp-800to900-Lib-B04.dia.features.txt
[22:12:50] Missing feature file: 15Dec2021-Lumos-CSF-Jax-HC2-DIA-chrlib-4mz-ovlp-900to1000-Lib-B01.dia.features.txt
[22:12:50] Missing feature file: 15Dec2021-Lumos-CSF-Jax-HC2-DIA-chrlib-4mz-ovlp-900to1000-Lib-B02.dia.features.txt
[22:12:50] Missing feature file: 15Dec2021-Lumos-CSF-Jax-HC2-DIA-chrlib-4mz-ovlp-900to1000-Lib-B03.dia.features.txt
[22:12:50] Missing feature file: 15Dec2021-Lumos-CSF-Jax-HC2-DIA-chrlib-4mz-ovlp-900to1000-Lib-B04.dia.features.txt
[22:12:50] Missing feature file: 21June2019-Lumos-DIA-Jax-Hippocampus-chrlib-4mz-ovlp-400to500-Lib-B5.dia.features.txt
[22:12:50] Missing feature file: 21June2019-Lumos-DIA-Jax-Hippocampus-chrlib-4mz-ovlp-400to500-Lib-B6.dia.features.txt
[22:12:50] Missing feature file: 21June2019-Lumos-DIA-Jax-Hippocampus-chrlib-4mz-ovlp-500to600-Lib-B5.dia.features.txt
[22:12:50] Missing feature file: 21June2019-Lumos-DIA-Jax-Hippocampus-chrlib-4mz-ovlp-500to600-Lib-B6.dia.features.txt
[22:12:50] Missing feature file: 21June2019-Lumos-DIA-Jax-Hippocampus-chrlib-4mz-ovlp-600to700-Lib-B5.dia.features.txt
[22:12:50] Missing feature file: 21June2019-Lumos-DIA-Jax-Hippocampus-chrlib-4mz-ovlp-600to700-Lib-B6.dia.features.txt
[22:12:51] Missing feature file: 21June2019-Lumos-DIA-Jax-Hippocampus-chrlib-4mz-ovlp-700to800-Lib-B5.dia.features.txt
[22:12:51] Missing feature file: 21June2019-Lumos-DIA-Jax-Hippocampus-chrlib-4mz-ovlp-700to800-Lib-B6.dia.features.txt
[22:12:51] Missing feature file: 21June2019-Lumos-DIA-Jax-Hippocampus-chrlib-4mz-ovlp-800to900-Lib-B5.dia.features.txt
[22:12:51] Missing feature file: 21June2019-Lumos-DIA-Jax-Hippocampus-chrlib-4mz-ovlp-800to900-Lib-B6.dia.features.txt
[22:12:51] Missing feature file: 21June2019-Lumos-DIA-Jax-Hippocampus-chrlib-4mz-ovlp-900to1000-Lib-B5.dia.features.txt
[22:12:51] Missing feature file: 21June2019-Lumos-DIA-Jax-Hippocampus-chrlib-4mz-ovlp-900to1000-Lib-B6.dia.features.txt
[22:12:51] Missing feature file: 24Feb2022-Lumos-Jax-HC2-DIA-chrlib-4mz-ovlp-400to500-Lib-B08.dia.features.txt
[22:12:51] Missing feature file: 24Feb2022-Lumos-Jax-HC2-DIA-chrlib-4mz-ovlp-400to500-Lib-B09.dia.features.txt
[22:12:51] Missing feature file: 24Feb2022-Lumos-Jax-HC2-DIA-chrlib-4mz-ovlp-400to500-Lib-B10.dia.features.txt
[22:12:51] Missing feature file: 24Feb2022-Lumos-Jax-HC2-DIA-chrlib-4mz-ovlp-500to600-Lib-B08.dia.features.txt
[22:12:51] Missing feature file: 24Feb2022-Lumos-Jax-HC2-DIA-chrlib-4mz-ovlp-500to600-Lib-B09.dia.features.txt
[22:12:51] Missing feature file: 24Feb2022-Lumos-Jax-HC2-DIA-chrlib-4mz-ovlp-500to600-Lib-B10.dia.features.txt
[22:12:51] Missing feature file: 24Feb2022-Lumos-Jax-HC2-DIA-chrlib-4mz-ovlp-600to700-Lib-B08.dia.features.txt
[22:12:51] Missing feature file: 24Feb2022-Lumos-Jax-HC2-DIA-chrlib-4mz-ovlp-600to700-Lib-B09.dia.features.txt
[22:12:51] Missing feature file: 24Feb2022-Lumos-Jax-HC2-DIA-chrlib-4mz-ovlp-600to700-Lib-B10.dia.features.txt
[22:12:51] Missing feature file: 24Feb2022-Lumos-Jax-HC2-DIA-chrlib-4mz-ovlp-700to800-Lib-B08.dia.features.txt
[22:12:51] Missing feature file: 24Feb2022-Lumos-Jax-HC2-DIA-chrlib-4mz-ovlp-700to800-Lib-B09.dia.features.txt
[22:12:51] Missing feature file: 24Feb2022-Lumos-Jax-HC2-DIA-chrlib-4mz-ovlp-700to800-Lib-B10.dia.features.txt
[22:12:51] Missing feature file: 24Feb2022-Lumos-Jax-HC2-DIA-chrlib-4mz-ovlp-800to900-Lib-B08.dia.features.txt
[22:12:51] Missing feature file: 24Feb2022-Lumos-Jax-HC2-DIA-chrlib-4mz-ovlp-800to900-Lib-B09.dia.features.txt
[22:12:51] Missing feature file: 24Feb2022-Lumos-Jax-HC2-DIA-chrlib-4mz-ovlp-800to900-Lib-B10.dia.features.txt
[22:12:51] Missing feature file: 24Feb2022-Lumos-Jax-HC2-DIA-chrlib-4mz-ovlp-900to1000-Lib-B08.dia.features.txt
[22:12:51] Missing feature file: 24Feb2022-Lumos-Jax-HC2-DIA-chrlib-4mz-ovlp-900to1000-Lib-B09.dia.features.txt
[22:12:51] Missing feature file: 24Feb2022-Lumos-Jax-HC2-DIA-chrlib-4mz-ovlp-900to1000-Lib-B10.dia.features.txt
[22:12:51] Missing feature file: 28Jan2022-Lumos-CSF-Jax-HC2-DIA-chrlib-4mz-ovlp-400to500-Lib-B05.dia.features.txt
[22:12:51] Missing feature file: 28Jan2022-Lumos-CSF-Jax-HC2-DIA-chrlib-4mz-ovlp-400to500-Lib-B06.dia.features.txt
[22:12:51] Missing feature file: 28Jan2022-Lumos-CSF-Jax-HC2-DIA-chrlib-4mz-ovlp-400to500-Lib-B07.dia.features.txt
[22:12:51] Missing feature file: 28Jan2022-Lumos-CSF-Jax-HC2-DIA-chrlib-4mz-ovlp-500to600-Lib-B05.dia.features.txt
[22:12:51] Missing feature file: 28Jan2022-Lumos-CSF-Jax-HC2-DIA-chrlib-4mz-ovlp-500to600-Lib-B06.dia.features.txt
[22:12:51] Missing feature file: 28Jan2022-Lumos-CSF-Jax-HC2-DIA-chrlib-4mz-ovlp-500to600-Lib-B07.dia.features.txt
[22:12:51] Missing feature file: 28Jan2022-Lumos-CSF-Jax-HC2-DIA-chrlib-4mz-ovlp-600to700-Lib-B05.dia.features.txt
[22:12:51] Missing feature file: 28Jan2022-Lumos-CSF-Jax-HC2-DIA-chrlib-4mz-ovlp-600to700-Lib-B06.dia.features.txt
[22:12:51] Missing feature file: 28Jan2022-Lumos-CSF-Jax-HC2-DIA-chrlib-4mz-ovlp-600to700-Lib-B07.dia.features.txt
[22:12:51] Missing feature file: 28Jan2022-Lumos-CSF-Jax-HC2-DIA-chrlib-4mz-ovlp-700to800-Lib-B05.dia.features.txt
[22:12:51] Missing feature file: 28Jan2022-Lumos-CSF-Jax-HC2-DIA-chrlib-4mz-ovlp-700to800-Lib-B06.dia.features.txt
[22:12:51] Missing feature file: 28Jan2022-Lumos-CSF-Jax-HC2-DIA-chrlib-4mz-ovlp-700to800-Lib-B07.dia.features.txt
[22:12:51] Missing feature file: 28Jan2022-Lumos-CSF-Jax-HC2-DIA-chrlib-4mz-ovlp-800to900-Lib-B05.dia.features.txt
[22:12:51] Missing feature file: 28Jan2022-Lumos-CSF-Jax-HC2-DIA-chrlib-4mz-ovlp-800to900-Lib-B06.dia.features.txt
[22:12:51] Missing feature file: 28Jan2022-Lumos-CSF-Jax-HC2-DIA-chrlib-4mz-ovlp-800to900-Lib-B07.dia.features.txt
[22:12:51] Missing feature file: 28Jan2022-Lumos-CSF-Jax-HC2-DIA-chrlib-4mz-ovlp-900to1000-Lib-B05.dia.features.txt
[22:12:51] Missing feature file: 28Jan2022-Lumos-CSF-Jax-HC2-DIA-chrlib-4mz-ovlp-900to1000-Lib-B06.dia.features.txt
[22:12:51] Missing feature file: 28Jan2022-Lumos-CSF-Jax-HC2-DIA-chrlib-4mz-ovlp-900to1000-Lib-B07.dia.features.txt
[22:12:51] Missing feature file: 31July2019-Lumos-DIA-Jax-Hippocampus-chrlib-4mz-ovlp-400to500-Lib-B13.dia.features.txt
[22:12:51] Missing feature file: 31July2019-Lumos-DIA-Jax-Hippocampus-chrlib-4mz-ovlp-500to600-Lib-B13.dia.features.txt
[22:12:51] Missing feature file: 31July2019-Lumos-DIA-Jax-Hippocampus-chrlib-4mz-ovlp-600to700-Lib-B13.dia.features.txt
[22:12:51] Missing feature file: 31July2019-Lumos-DIA-Jax-Hippocampus-chrlib-4mz-ovlp-700to800-Lib-B13.dia.features.txt
[22:12:51] Missing feature file: 31July2019-Lumos-DIA-Jax-Hippocampus-chrlib-4mz-ovlp-800to900-Lib-B13.dia.features.txt
[22:12:51] Missing feature file: 31July2019-Lumos-DIA-Jax-Hippocampus-chrlib-4mz-ovlp-900to1000-Lib-B13.dia.features.txt
